::1 - - [07/Apr/2022:15:15:54 +0300] "GET / HTTP/1.1" 200 46
::1 - - [07/Apr/2022:15:15:54 +0300] "GET /favicon.ico HTTP/1.1" 404 196
::1 - - [10/Apr/2022:15:09:44 +0300] "GET / HTTP/1.1" 500 530
::1 - - [10/Apr/2022:15:09:45 +0300] "GET /favicon.ico HTTP/1.1" 500 530
::1 - - [10/Apr/2022:15:14:43 +0300] "GET / HTTP/1.1" 200 169
::1 - - [10/Apr/2022:15:14:45 +0300] "GET / HTTP/1.1" 200 169
::1 - - [10/Apr/2022:15:14:45 +0300] "GET /favicon.ico HTTP/1.1" 404 2585
::1 - - [10/Apr/2022:15:17:18 +0300] "GET /login/ HTTP/1.1" 200 684
::1 - - [10/Apr/2022:15:17:22 +0300] "POST /login/ HTTP/1.1" 200 946
::1 - - [10/Apr/2022:15:17:34 +0300] "GET /admin HTTP/1.1" 301 -
::1 - - [10/Apr/2022:15:17:34 +0300] "GET /admin/ HTTP/1.1" 302 -
::1 - - [10/Apr/2022:15:17:34 +0300] "GET /admin/login/?next=/admin/ HTTP/1.1" 200 2305
::1 - - [10/Apr/2022:15:17:34 +0300] "GET /static/admin/css/nav_sidebar.css HTTP/1.1" 200 2616
::1 - - [10/Apr/2022:15:17:34 +0300] "GET /static/admin/css/responsive.css HTTP/1.1" 200 18575
::1 - - [10/Apr/2022:15:17:34 +0300] "GET /static/admin/css/login.css HTTP/1.1" 200 954
::1 - - [10/Apr/2022:15:17:34 +0300] "GET /static/admin/css/base.css HTTP/1.1" 200 19513
::1 - - [10/Apr/2022:15:17:34 +0300] "GET /static/admin/js/nav_sidebar.js HTTP/1.1" 200 3401
::1 - - [10/Apr/2022:15:17:34 +0300] "GET /static/admin/css/fonts.css HTTP/1.1" 200 423
::1 - - [10/Apr/2022:15:17:34 +0300] "GET /static/admin/fonts/Roboto-Light-webfont.woff HTTP/1.1" 200 85692
::1 - - [10/Apr/2022:15:17:34 +0300] "GET /static/admin/fonts/Roboto-Regular-webfont.woff HTTP/1.1" 200 85876
::1 - - [10/Apr/2022:15:17:37 +0300] "POST /admin/login/?next=/admin/ HTTP/1.1" 200 2577
::1 - - [10/Apr/2022:15:17:37 +0300] "GET /static/admin/fonts/Roboto-Bold-webfont.woff HTTP/1.1" 200 86184
::1 - - [10/Apr/2022:15:17:40 +0300] "POST /admin/login/?next=/admin/ HTTP/1.1" 200 2572
::1 - - [10/Apr/2022:15:17:45 +0300] "POST /admin/login/?next=/admin/ HTTP/1.1" 200 2577
::1 - - [10/Apr/2022:15:18:23 +0300] "POST /admin/login/?next=/admin/ HTTP/1.1" 302 -
::1 - - [10/Apr/2022:15:18:23 +0300] "GET /admin/ HTTP/1.1" 200 3627
::1 - - [10/Apr/2022:15:18:23 +0300] "GET /static/admin/css/dashboard.css HTTP/1.1" 200 380
::1 - - [10/Apr/2022:15:18:23 +0300] "GET /static/admin/img/icon-addlink.svg HTTP/1.1" 200 331
::1 - - [10/Apr/2022:15:18:23 +0300] "GET /static/admin/img/icon-changelink.svg HTTP/1.1" 200 380
::1 - - [10/Apr/2022:15:18:28 +0300] "GET /admin/auth/user/ HTTP/1.1" 200 9533
::1 - - [10/Apr/2022:15:18:28 +0300] "GET /static/admin/css/changelists.css HTTP/1.1" 200 6932
::1 - - [10/Apr/2022:15:18:28 +0300] "GET /static/admin/js/jquery.init.js HTTP/1.1" 200 347
::1 - - [10/Apr/2022:15:18:28 +0300] "GET /static/admin/js/admin/RelatedObjectLookups.js HTTP/1.1" 200 5984
::1 - - [10/Apr/2022:15:18:28 +0300] "GET /static/admin/js/core.js HTTP/1.1" 200 5698
::1 - - [10/Apr/2022:15:18:28 +0300] "GET /static/admin/js/actions.js HTTP/1.1" 200 7872
::1 - - [10/Apr/2022:15:18:28 +0300] "GET /static/admin/js/vendor/jquery/jquery.js HTTP/1.1" 200 288580
::1 - - [10/Apr/2022:15:18:28 +0300] "GET /static/admin/js/urlify.js HTTP/1.1" 200 7902
::1 - - [10/Apr/2022:15:18:28 +0300] "GET /static/admin/js/prepopulate.js HTTP/1.1" 200 1531
::1 - - [10/Apr/2022:15:18:28 +0300] "GET /static/admin/js/vendor/xregexp/xregexp.js HTTP/1.1" 200 232381
::1 - - [10/Apr/2022:15:18:28 +0300] "GET /static/admin/img/search.svg HTTP/1.1" 200 458
::1 - - [10/Apr/2022:15:18:28 +0300] "GET /static/admin/img/icon-no.svg HTTP/1.1" 200 560
::1 - - [10/Apr/2022:15:18:28 +0300] "GET /static/admin/img/icon-yes.svg HTTP/1.1" 200 436
::1 - - [10/Apr/2022:15:18:28 +0300] "GET /admin/jsi18n/ HTTP/1.1" 200 15618
::1 - - [10/Apr/2022:15:18:28 +0300] "GET /static/admin/img/tooltag-add.svg HTTP/1.1" 200 331
::1 - - [10/Apr/2022:15:18:28 +0300] "GET /static/admin/img/sorting-icons.svg HTTP/1.1" 200 1097
